<?xml version="1.0" encoding="UTF-8"?>
<!-- Generated by org.testng.reporters.JUnitReportReporter -->
<testsuite skipped="0" hostname="DESKTOP-6NI868R" name="Tests.googleTest" tests="2" failures="0" timestamp="08 Feb 2020 16:24:11 GMT" time="6.529" errors="0">
  <testcase name="googleSearchTest1" time="4.526" classname="Tests.googleTest"/>
  <testcase name="googleSearchTest2" time="2.003" classname="Tests.googleTest"/>
</testsuite> <!-- Tests.googleTest -->
