<?xml version="1.0" encoding="UTF-8"?>
<!-- Generated by org.testng.reporters.JUnitReportReporter -->
<testsuite skipped="0" hostname="DESKTOP-6NI868R" name="Tests.OrangeHRMTest" tests="2" failures="0" timestamp="08 Feb 2020 16:24:11 GMT" time="4.061" errors="1">
  <testcase name="ShutDown" time="0.032" classname="Tests.OrangeHRMTest">
    <error type="org.openqa.selenium.NoSuchSessionException" message="invalid session id
Build info: version: &#039;3.141.59&#039;, revision: &#039;e82be7d358&#039;, time: &#039;2018-11-14T08:17:03&#039;
System info: host: &#039;DESKTOP-6NI868R&#039;, ip: &#039;10.0.75.1&#039;, os.name: &#039;Windows 10&#039;, os.arch: &#039;amd64&#039;, os.version: &#039;10.0&#039;, java.version: &#039;1.8.0_181&#039;
Driver info: io.appium.java_client.AppiumDriver
Capabilities {appActivity: com.google.android.apps.chr..., appPackage: com.android.chrome, browserName: Chrome, chromedriverExecutable: E:\Selenium\Workspace\Appiu..., databaseEnabled: false, desired: {browserName: Chrome, chromedriverExecutable: E:\Selenium\Workspace\Appiu..., deviceName: Redmi, newCommandTimeout: 60, platformName: android, platformVersion: 7.0 NRD90M, udid: 0ed6de780404}, deviceApiLevel: 24, deviceManufacturer: Xiaomi, deviceModel: Redmi Note 4, deviceName: 0ed6de780404, deviceScreenDensity: 480, deviceScreenSize: 1080x1920, deviceUDID: 0ed6de780404, javascriptEnabled: true, locationContextEnabled: false, networkConnectionEnabled: true, newCommandTimeout: 60, pixelRatio: 3, platform: LINUX, platformName: ANDROID, platformVersion: 7.0, statBarHeight: 72, takesScreenshot: true, udid: 0ed6de780404, viewportRect: {height: 1848, left: 0, top: 72, width: 1080}, warnings: {}, webStorageEnabled: false}
Session ID: 492ec158-2b72-4d57-a611-3cd56f1657e3">
      <![CDATA[org.openqa.selenium.NoSuchSessionException: invalid session id
Build info: version: '3.141.59', revision: 'e82be7d358', time: '2018-11-14T08:17:03'
System info: host: 'DESKTOP-6NI868R', ip: '10.0.75.1', os.name: 'Windows 10', os.arch: 'amd64', os.version: '10.0', java.version: '1.8.0_181'
Driver info: io.appium.java_client.AppiumDriver
Capabilities {appActivity: com.google.android.apps.chr..., appPackage: com.android.chrome, browserName: Chrome, chromedriverExecutable: E:\Selenium\Workspace\Appiu..., databaseEnabled: false, desired: {browserName: Chrome, chromedriverExecutable: E:\Selenium\Workspace\Appiu..., deviceName: Redmi, newCommandTimeout: 60, platformName: android, platformVersion: 7.0 NRD90M, udid: 0ed6de780404}, deviceApiLevel: 24, deviceManufacturer: Xiaomi, deviceModel: Redmi Note 4, deviceName: 0ed6de780404, deviceScreenDensity: 480, deviceScreenSize: 1080x1920, deviceUDID: 0ed6de780404, javascriptEnabled: true, locationContextEnabled: false, networkConnectionEnabled: true, newCommandTimeout: 60, pixelRatio: 3, platform: LINUX, platformName: ANDROID, platformVersion: 7.0, statBarHeight: 72, takesScreenshot: true, udid: 0ed6de780404, viewportRect: {height: 1848, left: 0, top: 72, width: 1080}, warnings: {}, webStorageEnabled: false}
Session ID: 492ec158-2b72-4d57-a611-3cd56f1657e3
at sun.reflect.NativeConstructorAccessorImpl.newInstance0(Native Method)
at sun.reflect.NativeConstructorAccessorImpl.newInstance(NativeConstructorAccessorImpl.java:62)
at sun.reflect.DelegatingConstructorAccessorImpl.newInstance(DelegatingConstructorAccessorImpl.java:45)
at java.lang.reflect.Constructor.newInstance(Constructor.java:423)
at org.openqa.selenium.remote.http.W3CHttpResponseCodec.createException(W3CHttpResponseCodec.java:187)
at org.openqa.selenium.remote.http.W3CHttpResponseCodec.decode(W3CHttpResponseCodec.java:122)
at org.openqa.selenium.remote.http.W3CHttpResponseCodec.decode(W3CHttpResponseCodec.java:49)
at org.openqa.selenium.remote.HttpCommandExecutor.execute(HttpCommandExecutor.java:158)
at io.appium.java_client.remote.AppiumCommandExecutor.execute(AppiumCommandExecutor.java:239)
at org.openqa.selenium.remote.RemoteWebDriver.execute(RemoteWebDriver.java:552)
at io.appium.java_client.DefaultGenericMobileDriver.execute(DefaultGenericMobileDriver.java:45)
at io.appium.java_client.AppiumDriver.execute(AppiumDriver.java:1)
at org.openqa.selenium.remote.RemoteWebDriver.close(RemoteWebDriver.java:442)
at com.base.BaseClass.TearDown(BaseClass.java:42)
at Tests.OrangeHRMTest.ShutDown(OrangeHRMTest.java:32)
at sun.reflect.NativeMethodAccessorImpl.invoke0(Native Method)
at sun.reflect.NativeMethodAccessorImpl.invoke(NativeMethodAccessorImpl.java:62)
at sun.reflect.DelegatingMethodAccessorImpl.invoke(DelegatingMethodAccessorImpl.java:43)
at java.lang.reflect.Method.invoke(Method.java:498)
at org.testng.internal.MethodInvocationHelper.invokeMethod(MethodInvocationHelper.java:124)
at org.testng.internal.MethodInvocationHelper.invokeMethodConsideringTimeout(MethodInvocationHelper.java:59)
at org.testng.internal.Invoker.invokeConfigurationMethod(Invoker.java:458)
at org.testng.internal.Invoker.invokeConfigurations(Invoker.java:222)
at org.testng.internal.Invoker.invokeConfigurations(Invoker.java:142)
at org.testng.SuiteRunner.privateRun(SuiteRunner.java:425)
at org.testng.SuiteRunner.run(SuiteRunner.java:364)
at org.testng.SuiteRunnerWorker.runSuite(SuiteRunnerWorker.java:52)
at org.testng.SuiteRunnerWorker.run(SuiteRunnerWorker.java:84)
at org.testng.TestNG.runSuitesSequentially(TestNG.java:1208)
at org.testng.TestNG.runSuitesLocally(TestNG.java:1137)
at org.testng.TestNG.runSuites(TestNG.java:1049)
at org.testng.TestNG.run(TestNG.java:1017)
at org.testng.remote.AbstractRemoteTestNG.run(AbstractRemoteTestNG.java:114)
at org.testng.remote.RemoteTestNG.initAndRun(RemoteTestNG.java:251)
at org.testng.remote.RemoteTestNG.main(RemoteTestNG.java:77)
]]>
    </error>
  </testcase> <!-- ShutDown -->
  <testcase name="OrangeLoginTest" time="4.029" classname="Tests.OrangeHRMTest"/>
</testsuite> <!-- Tests.OrangeHRMTest -->
