<?xml version="1.0" encoding="UTF-8"?>
<!-- Generated by org.testng.reporters.JUnitReportReporter -->
<testsuite skipped="0" hostname="DESKTOP-6NI868R" name="Tests.BaseClass" tests="1" failures="0" timestamp="05 Feb 2020 17:37:04 GMT" time="0.012" errors="0">
  <testcase name="SampleTest" time="0.012" classname="Tests.BaseClass"/>
</testsuite> <!-- Tests.BaseClass -->
