<?xml version="1.0" encoding="UTF-8"?>
<!-- Generated by org.testng.reporters.JUnitReportReporter -->
<testsuite skipped="0" hostname="DESKTOP-6NI868R" name="Tests.RediffMailLogin" tests="1" failures="0" timestamp="06 Feb 2020 14:50:43 GMT" time="4.408" errors="0">
  <testcase name="RediffLoginTest" time="4.408" classname="Tests.RediffMailLogin"/>
</testsuite> <!-- Tests.RediffMailLogin -->
