<?xml version="1.0" encoding="UTF-8"?>
<!-- Generated by org.testng.reporters.JUnitReportReporter -->
<testsuite skipped="0" hostname="DESKTOP-6NI868R" name="Tests.OrangeHRMTest" tests="1" failures="0" timestamp="08 Feb 2020 16:14:54 GMT" time="4.071" errors="0">
  <testcase name="OrangeLoginTest" time="4.071" classname="Tests.OrangeHRMTest"/>
</testsuite> <!-- Tests.OrangeHRMTest -->
